<?xml version="1.0" encoding="UTF-8"?>
<testng-results ignored="0" total="1" passed="1" failed="0" skipped="0">
  <reporter-output>
  </reporter-output>
  <suite started-at="2026-01-20T22:54:28 IST" name="Suite" finished-at="2026-01-20T22:55:27 IST" duration-ms="59048">
    <groups>
    </groups>
    <test started-at="2026-01-20T22:54:28 IST" name="Test" finished-at="2026-01-20T22:55:27 IST" duration-ms="59048">
      <class name="tests.LoginPageTest">
        <test-method is-config="true" signature="setUp()[pri:0, instance:tests.LoginPageTest@62ddbd7e]" started-at="2026-01-20T22:54:28 IST" name="setUp" finished-at="2026-01-20T22:55:11 IST" duration-ms="42746" status="PASS">
          <reporter-output>
          </reporter-output>
        </test-method> <!-- setUp -->
        <test-method signature="loginTest()[pri:0, instance:tests.LoginPageTest@62ddbd7e]" started-at="2026-01-20T22:55:11 IST" name="loginTest" finished-at="2026-01-20T22:55:27 IST" duration-ms="15783" status="PASS">
          <reporter-output>
          </reporter-output>
        </test-method> <!-- loginTest -->
        <test-method is-config="true" signature="tearDown()[pri:0, instance:tests.LoginPageTest@62ddbd7e]" started-at="2026-01-20T22:55:27 IST" name="tearDown" finished-at="2026-01-20T22:55:27 IST" duration-ms="451" status="PASS">
          <reporter-output>
          </reporter-output>
        </test-method> <!-- tearDown -->
      </class> <!-- tests.LoginPageTest -->
    </test> <!-- Test -->
  </suite> <!-- Suite -->
</testng-results>
