<?xml version="1.0" encoding="UTF-8"?>
<!-- Generated by org.testng.reporters.JUnitReportReporter -->
<testsuite hostname="Sumit" failures="0" tests="3" name="PackageOne.RegisterPageTest" time="23.891" errors="0" timestamp="2025-12-27T13:16:37 IST" skipped="0">
  <testcase classname="PackageOne.RegisterPageTest" name="signUpTestCase" time="5.659"/>
  <testcase classname="PackageOne.RegisterPageTest" name="signupTestcaseThree" time="13.284"/>
  <testcase classname="PackageOne.RegisterPageTest" name="signUpTestCaseTwo" time="4.948"/>
</testsuite> <!-- PackageOne.RegisterPageTest -->
