<?xml version="1.0" encoding="UTF-8"?>
<!-- Generated by org.testng.reporters.JUnitReportReporter -->
<testsuite hostname="Sumit" failures="0" tests="3" name="tests.RegisterPageTest" time="25.477" errors="0" timestamp="2025-12-28T17:49:24 IST" skipped="0">
  <testcase classname="tests.RegisterPageTest" name="signUpTestCase" time="10.535"/>
  <testcase classname="tests.RegisterPageTest" name="signupTestcaseThree" time="11.764"/>
  <testcase classname="tests.RegisterPageTest" name="signUpTestCaseTwo" time="3.178"/>
</testsuite> <!-- tests.RegisterPageTest -->
